<?xml version="1.0" encoding="UTF-8"?>
<!-- Generated by org.testng.reporters.JUnitReportReporter -->
<testsuite hostname="Lenovo" failures="0" tests="3" name="com.Selenium.TestNG__Invocation" time="0.067" errors="0" timestamp="2024-04-09T20:56:30 IST" skipped="0">
  <testcase classname="com.Selenium.TestNG__Invocation" name="browser" time="0.040"/>
  <system-out/>
  <testcase classname="com.Selenium.TestNG__Invocation" name="login" time="0.013"/>
  <system-out/>
  <testcase classname="com.Selenium.TestNG__Invocation" name="url" time="0.014"/>
  <system-out/>
</testsuite> <!-- com.Selenium.TestNG__Invocation -->
