<?xml version="1.0" encoding="UTF-8"?>
<!-- Generated by org.testng.reporters.JUnitReportReporter -->
<testsuite hostname="Lenovo" failures="0" tests="2" name="TestNG_Ignore" time="0.027" errors="0" timestamp="2024-04-07T21:45:49 IST" skipped="1">
  <testcase classname="TestNG_Ignore" name="opera" time="0.027"/>
  <system-out/>
  <testcase classname="TestNG_Ignore" name="chrome">
    <skipped/>
  </testcase> <!-- chrome -->
  <system-out/>
</testsuite> <!-- TestNG_Ignore -->
