<?xml version="1.0" encoding="UTF-8"?>
<!-- Generated by org.testng.reporters.JUnitReportReporter -->
<testsuite hostname="Lenovo" failures="0" tests="2" name="com.Selenium.TestNG_Ignore" time="0.025" errors="0" timestamp="2024-04-07T21:57:24 IST" skipped="1">
  <testcase classname="com.Selenium.TestNG_Ignore" name="opera" time="0.025"/>
  <system-out/>
  <testcase classname="com.Selenium.TestNG_Ignore" name="chrome">
    <skipped/>
  </testcase> <!-- chrome -->
  <system-out/>
</testsuite> <!-- com.Selenium.TestNG_Ignore -->
