<?xml version="1.0" encoding="UTF-8"?>
<!-- Generated by org.testng.reporters.JUnitReportReporter -->
<testsuite hostname="Lenovo" failures="0" tests="1" name="com.Selenium.TestNG_CrossBrowser" time="15.388" errors="0" timestamp="2024-04-07T22:05:01 IST" skipped="0">
  <testcase classname="com.Selenium.TestNG_CrossBrowser" name="chrome" time="15.388"/>
  <system-out/>
</testsuite> <!-- com.Selenium.TestNG_CrossBrowser -->
