<?xml version="1.0" encoding="UTF-8"?>
<!-- Generated by org.testng.reporters.JUnitReportReporter -->
<testsuite hostname="Lenovo" failures="0" tests="6" name="com.Selenium.TestNG_Invocation" time="0.164" errors="0" timestamp="2024-04-09T21:06:08 IST" skipped="0">
  <testcase classname="com.Selenium.TestNG_Invocation" name="opera" time="0.014"/>
  <system-out/>
  <testcase classname="com.Selenium.TestNG_Invocation" name="chrome" time="0.023"/>
  <system-out/>
  <testcase classname="com.Selenium.TestNG_Invocation" name="opera" time="0.016"/>
  <system-out/>
  <testcase classname="com.Selenium.TestNG_Invocation" name="firefox" time="0.046"/>
  <system-out/>
  <testcase classname="com.Selenium.TestNG_Invocation" name="opera" time="0.008"/>
  <system-out/>
  <testcase classname="com.Selenium.TestNG_Invocation" name="chrome" time="0.057"/>
  <system-out/>
</testsuite> <!-- com.Selenium.TestNG_Invocation -->
