<?xml version="1.0" encoding="UTF-8"?>
<!-- Generated by org.testng.reporters.JUnitReportReporter -->
<testsuite hostname="Lenovo" failures="0" tests="3" name="TestNG_Priority" time="0.053" errors="0" timestamp="2024-04-07T21:51:12 IST" skipped="0">
  <testcase classname="TestNG_Priority" name="opera" time="0.032"/>
  <system-out/>
  <testcase classname="TestNG_Priority" name="firefox" time="0.011"/>
  <system-out/>
  <testcase classname="TestNG_Priority" name="chrome" time="0.010"/>
  <system-out/>
</testsuite> <!-- TestNG_Priority -->
