<?xml version="1.0" encoding="UTF-8"?>
<!-- Generated by org.testng.reporters.JUnitReportReporter -->
<testsuite hostname="Lenovo" failures="0" tests="9" name="TestNG_Invocation" time="0.170" errors="0" timestamp="2024-04-07T21:45:49 IST" skipped="0">
  <testcase classname="TestNG_Invocation" name="chrome" time="0.038"/>
  <system-out/>
  <testcase classname="TestNG_Invocation" name="opera" time="0.026"/>
  <system-out/>
  <testcase classname="TestNG_Invocation" name="firefox" time="0.012"/>
  <system-out/>
  <testcase classname="TestNG_Invocation" name="chrome" time="0.008"/>
  <system-out/>
  <testcase classname="TestNG_Invocation" name="firefox" time="0.010"/>
  <system-out/>
  <testcase classname="TestNG_Invocation" name="firefox" time="0.028"/>
  <system-out/>
  <testcase classname="TestNG_Invocation" name="opera" time="0.001"/>
  <system-out/>
  <testcase classname="TestNG_Invocation" name="firefox" time="0.040"/>
  <system-out/>
  <testcase classname="TestNG_Invocation" name="opera" time="0.007"/>
  <system-out/>
</testsuite> <!-- TestNG_Invocation -->
