<?xml version="1.0" encoding="UTF-8"?>
<!-- Generated by org.testng.reporters.JUnitReportReporter -->
<testsuite hostname="Lenovo" failures="0" tests="3" name="com.Selenium.TestNG" time="0.067" errors="0" timestamp="2024-04-07T21:51:05 IST" skipped="0">
  <testcase classname="com.Selenium.TestNG" name="mobile" time="0.014"/>
  <system-out/>
  <testcase classname="com.Selenium.TestNG" name="Dress" time="0.041"/>
  <system-out/>
  <testcase classname="com.Selenium.TestNG" name="cycle" time="0.012"/>
  <system-out/>
</testsuite> <!-- com.Selenium.TestNG -->
